<?xml version="1.0" encoding="UTF-8"?>
<!-- Generated by org.testng.reporters.JUnitReportReporter -->
<testsuite hostname="ZERO_BOOK_13" failures="0" tests="3" name="com.TutorialNinja.QA.Testcases.SearchProductTest" time="7.186" errors="0" timestamp="2024-02-18T10:43:21 IST" skipped="0">
  <testcase classname="com.TutorialNinja.QA.Testcases.SearchProductTest" name="VerifySearchWithValidProduct" time="2.432"/>
  <testcase classname="com.TutorialNinja.QA.Testcases.SearchProductTest" name="VerifySearchWithInvalidProduct" time="2.315"/>
  <testcase classname="com.TutorialNinja.QA.Testcases.SearchProductTest" name="VerifySearchWithoutenteranyProduct" time="2.439"/>
</testsuite> <!-- com.TutorialNinja.QA.Testcases.SearchProductTest -->
