<?xml version="1.0" encoding="UTF-8"?>
<!-- Generated by org.testng.reporters.JUnitReportReporter -->
<testsuite hostname="ZERO_BOOK_13" failures="0" tests="4" name="com.TutorialNinja.QA.Testcases.RegistrationTest" time="18.540" errors="0" timestamp="2024-02-18T10:43:21 IST" skipped="0">
  <testcase classname="com.TutorialNinja.QA.Testcases.RegistrationTest" name="RegistertotheApplicationByFillingAllMandatoryFields" time="3.882"/>
  <testcase classname="com.TutorialNinja.QA.Testcases.RegistrationTest" name="RegistertotheApplicationByFillingAllFields" time="8.030"/>
  <testcase classname="com.TutorialNinja.QA.Testcases.RegistrationTest" name="RegistertotheApplicationByFillingexistingEmailAdrres" time="3.758"/>
  <testcase classname="com.TutorialNinja.QA.Testcases.RegistrationTest" name="RegistertotheApplicationwithoutfillinganyfield" time="2.870"/>
</testsuite> <!-- com.TutorialNinja.QA.Testcases.RegistrationTest -->
